mode: set
/home/user/doc/personal/dev/cs_q_sim/internal/quantum_simulator/config.go:36.23,39.2 2 0
/home/user/doc/personal/dev/cs_q_sim/internal/quantum_simulator/config.go:41.65,44.19 3 1
/home/user/doc/personal/dev/cs_q_sim/internal/quantum_simulator/config.go:51.2,52.38 2 1
/home/user/doc/personal/dev/cs_q_sim/internal/quantum_simulator/config.go:56.2,57.16 2 1
/home/user/doc/personal/dev/cs_q_sim/internal/quantum_simulator/config.go:61.2,62.16 2 1
/home/user/doc/personal/dev/cs_q_sim/internal/quantum_simulator/config.go:66.2,66.15 1 1
/home/user/doc/personal/dev/cs_q_sim/internal/quantum_simulator/config.go:44.19,47.3 2 1
/home/user/doc/personal/dev/cs_q_sim/internal/quantum_simulator/config.go:47.8,50.3 2 0
/home/user/doc/personal/dev/cs_q_sim/internal/quantum_simulator/config.go:52.38,54.3 1 1
/home/user/doc/personal/dev/cs_q_sim/internal/quantum_simulator/config.go:57.16,59.3 1 0
/home/user/doc/personal/dev/cs_q_sim/internal/quantum_simulator/config.go:62.16,64.3 1 0
/home/user/doc/personal/dev/cs_q_sim/internal/quantum_simulator/many_body.go:8.70,10.20 2 1
/home/user/doc/personal/dev/cs_q_sim/internal/quantum_simulator/many_body.go:13.2,15.18 3 1
/home/user/doc/personal/dev/cs_q_sim/internal/quantum_simulator/many_body.go:26.2,26.22 1 1
/home/user/doc/personal/dev/cs_q_sim/internal/quantum_simulator/many_body.go:33.2,33.11 1 1
/home/user/doc/personal/dev/cs_q_sim/internal/quantum_simulator/many_body.go:10.20,12.3 1 1
/home/user/doc/personal/dev/cs_q_sim/internal/quantum_simulator/many_body.go:15.18,17.38 2 1
/home/user/doc/personal/dev/cs_q_sim/internal/quantum_simulator/many_body.go:22.3,22.28 1 1
/home/user/doc/personal/dev/cs_q_sim/internal/quantum_simulator/many_body.go:17.38,21.4 3 1
/home/user/doc/personal/dev/cs_q_sim/internal/quantum_simulator/many_body.go:23.8,25.3 1 1
/home/user/doc/personal/dev/cs_q_sim/internal/quantum_simulator/many_body.go:26.22,27.42 1 1
/home/user/doc/personal/dev/cs_q_sim/internal/quantum_simulator/many_body.go:27.42,31.4 3 1
/home/user/doc/personal/dev/cs_q_sim/internal/quantum_simulator/results_io.go:27.45,30.16 3 1
/home/user/doc/personal/dev/cs_q_sim/internal/quantum_simulator/results_io.go:34.2,40.38 5 1
/home/user/doc/personal/dev/cs_q_sim/internal/quantum_simulator/results_io.go:43.2,44.40 2 1
/home/user/doc/personal/dev/cs_q_sim/internal/quantum_simulator/results_io.go:48.2,49.31 2 1
/home/user/doc/personal/dev/cs_q_sim/internal/quantum_simulator/results_io.go:54.2,54.18 1 1
/home/user/doc/personal/dev/cs_q_sim/internal/quantum_simulator/results_io.go:30.16,32.3 1 0
/home/user/doc/personal/dev/cs_q_sim/internal/quantum_simulator/results_io.go:40.38,42.3 1 0
/home/user/doc/personal/dev/cs_q_sim/internal/quantum_simulator/results_io.go:44.40,46.3 1 0
/home/user/doc/personal/dev/cs_q_sim/internal/quantum_simulator/results_io.go:49.31,53.3 2 1
/home/user/doc/personal/dev/cs_q_sim/internal/quantum_simulator/results_io.go:57.56,59.16 2 1
/home/user/doc/personal/dev/cs_q_sim/internal/quantum_simulator/results_io.go:62.2,65.16 4 1
/home/user/doc/personal/dev/cs_q_sim/internal/quantum_simulator/results_io.go:69.2,70.16 2 1
/home/user/doc/personal/dev/cs_q_sim/internal/quantum_simulator/results_io.go:73.2,74.16 2 1
/home/user/doc/personal/dev/cs_q_sim/internal/quantum_simulator/results_io.go:77.2,78.16 2 1
/home/user/doc/personal/dev/cs_q_sim/internal/quantum_simulator/results_io.go:81.2,82.16 2 1
/home/user/doc/personal/dev/cs_q_sim/internal/quantum_simulator/results_io.go:85.2,86.16 2 1
/home/user/doc/personal/dev/cs_q_sim/internal/quantum_simulator/results_io.go:90.2,107.33 2 1
/home/user/doc/personal/dev/cs_q_sim/internal/quantum_simulator/results_io.go:115.2,115.10 1 1
/home/user/doc/personal/dev/cs_q_sim/internal/quantum_simulator/results_io.go:59.16,61.3 1 0
/home/user/doc/personal/dev/cs_q_sim/internal/quantum_simulator/results_io.go:65.16,67.3 1 0
/home/user/doc/personal/dev/cs_q_sim/internal/quantum_simulator/results_io.go:70.16,72.3 1 0
/home/user/doc/personal/dev/cs_q_sim/internal/quantum_simulator/results_io.go:74.16,76.3 1 0
/home/user/doc/personal/dev/cs_q_sim/internal/quantum_simulator/results_io.go:78.16,80.3 1 0
/home/user/doc/personal/dev/cs_q_sim/internal/quantum_simulator/results_io.go:82.16,84.3 1 0
/home/user/doc/personal/dev/cs_q_sim/internal/quantum_simulator/results_io.go:86.16,88.3 1 0
/home/user/doc/personal/dev/cs_q_sim/internal/quantum_simulator/results_io.go:107.33,108.12 1 1
/home/user/doc/personal/dev/cs_q_sim/internal/quantum_simulator/results_io.go:111.3,113.48 3 1
/home/user/doc/personal/dev/cs_q_sim/internal/quantum_simulator/results_io.go:108.12,109.12 1 1
/home/user/doc/personal/dev/cs_q_sim/internal/quantum_simulator/spin.go:9.34,10.26 1 1
/home/user/doc/personal/dev/cs_q_sim/internal/quantum_simulator/spin.go:13.2,13.12 1 1
/home/user/doc/personal/dev/cs_q_sim/internal/quantum_simulator/spin.go:10.26,12.3 1 1
/home/user/doc/personal/dev/cs_q_sim/internal/quantum_simulator/spin.go:16.37,18.2 1 1
/home/user/doc/personal/dev/cs_q_sim/internal/quantum_simulator/spin.go:20.43,22.2 1 1
/home/user/doc/personal/dev/cs_q_sim/internal/quantum_simulator/spin.go:24.43,26.2 1 1
/home/user/doc/personal/dev/cs_q_sim/internal/quantum_simulator/spin.go:28.34,31.27 3 1
/home/user/doc/personal/dev/cs_q_sim/internal/quantum_simulator/spin.go:34.2,34.13 1 1
/home/user/doc/personal/dev/cs_q_sim/internal/quantum_simulator/spin.go:31.27,33.3 1 1
/home/user/doc/personal/dev/cs_q_sim/internal/quantum_simulator/spin.go:37.34,41.38 4 1
/home/user/doc/personal/dev/cs_q_sim/internal/quantum_simulator/spin.go:47.2,47.47 1 1
/home/user/doc/personal/dev/cs_q_sim/internal/quantum_simulator/spin.go:41.38,42.39 1 1
/home/user/doc/personal/dev/cs_q_sim/internal/quantum_simulator/spin.go:42.39,45.4 2 1
/home/user/doc/personal/dev/cs_q_sim/internal/quantum_simulator/spin.go:50.34,54.38 4 1
/home/user/doc/personal/dev/cs_q_sim/internal/quantum_simulator/spin.go:60.2,60.47 1 1
/home/user/doc/personal/dev/cs_q_sim/internal/quantum_simulator/spin.go:54.38,55.39 1 1
/home/user/doc/personal/dev/cs_q_sim/internal/quantum_simulator/spin.go:55.39,58.4 2 1
/home/user/doc/personal/dev/cs_q_sim/internal/quantum_simulator/spin.go:63.34,67.38 4 1
/home/user/doc/personal/dev/cs_q_sim/internal/quantum_simulator/spin.go:73.2,73.47 1 1
/home/user/doc/personal/dev/cs_q_sim/internal/quantum_simulator/spin.go:67.38,68.39 1 1
/home/user/doc/personal/dev/cs_q_sim/internal/quantum_simulator/spin.go:68.39,71.4 2 1
/home/user/doc/personal/dev/cs_q_sim/internal/quantum_simulator/system.go:23.41,24.12 1 1
/home/user/doc/personal/dev/cs_q_sim/internal/quantum_simulator/system.go:30.2,32.10 2 1
/home/user/doc/personal/dev/cs_q_sim/internal/quantum_simulator/system.go:24.12,26.3 1 1
/home/user/doc/personal/dev/cs_q_sim/internal/quantum_simulator/system.go:36.64,50.2 12 1
/home/user/doc/personal/dev/cs_q_sim/internal/quantum_simulator/system.go:53.68,57.2 3 1
/home/user/doc/personal/dev/cs_q_sim/internal/quantum_simulator/system.go:60.56,66.30 5 1
/home/user/doc/personal/dev/cs_q_sim/internal/quantum_simulator/system.go:69.2,71.10 2 1
/home/user/doc/personal/dev/cs_q_sim/internal/quantum_simulator/system.go:66.30,68.3 1 1
/home/user/doc/personal/dev/cs_q_sim/internal/quantum_simulator/system.go:86.67,88.67 2 1
/home/user/doc/personal/dev/cs_q_sim/internal/quantum_simulator/system.go:91.2,99.3 4 1
/home/user/doc/personal/dev/cs_q_sim/internal/quantum_simulator/system.go:88.67,89.30 1 0
