mode: atomic
/home/user/doc/personal/cs_q_sim/internal/quantum_simulator/system.go:22.53,26.16 2 1
/home/user/doc/personal/cs_q_sim/internal/quantum_simulator/system.go:29.2,30.16 2 1
/home/user/doc/personal/cs_q_sim/internal/quantum_simulator/system.go:33.2,34.16 2 1
/home/user/doc/personal/cs_q_sim/internal/quantum_simulator/system.go:38.2,39.29 2 1
/home/user/doc/personal/cs_q_sim/internal/quantum_simulator/system.go:43.2,43.10 1 1
/home/user/doc/personal/cs_q_sim/internal/quantum_simulator/system.go:26.16,28.3 1 0
/home/user/doc/personal/cs_q_sim/internal/quantum_simulator/system.go:30.16,32.3 1 0
/home/user/doc/personal/cs_q_sim/internal/quantum_simulator/system.go:34.16,36.3 1 0
/home/user/doc/personal/cs_q_sim/internal/quantum_simulator/system.go:39.29,42.3 1 1
/home/user/doc/personal/cs_q_sim/internal/quantum_simulator/config.go:27.23,30.2 2 0
/home/user/doc/personal/cs_q_sim/internal/quantum_simulator/config.go:32.65,35.19 3 0
/home/user/doc/personal/cs_q_sim/internal/quantum_simulator/config.go:42.2,43.38 2 0
/home/user/doc/personal/cs_q_sim/internal/quantum_simulator/config.go:47.2,48.16 2 0
/home/user/doc/personal/cs_q_sim/internal/quantum_simulator/config.go:52.2,53.16 2 0
/home/user/doc/personal/cs_q_sim/internal/quantum_simulator/config.go:57.2,57.15 1 0
/home/user/doc/personal/cs_q_sim/internal/quantum_simulator/config.go:35.19,38.3 2 0
/home/user/doc/personal/cs_q_sim/internal/quantum_simulator/config.go:38.8,41.3 2 0
/home/user/doc/personal/cs_q_sim/internal/quantum_simulator/config.go:43.38,45.3 1 0
/home/user/doc/personal/cs_q_sim/internal/quantum_simulator/config.go:48.16,50.3 1 0
/home/user/doc/personal/cs_q_sim/internal/quantum_simulator/config.go:53.16,55.3 1 0
/home/user/doc/personal/cs_q_sim/internal/quantum_simulator/many_body.go:8.71,9.20 1 6
/home/user/doc/personal/cs_q_sim/internal/quantum_simulator/many_body.go:12.5,14.18 3 6
/home/user/doc/personal/cs_q_sim/internal/quantum_simulator/many_body.go:25.2,25.20 1 6
/home/user/doc/personal/cs_q_sim/internal/quantum_simulator/many_body.go:32.2,32.11 1 6
/home/user/doc/personal/cs_q_sim/internal/quantum_simulator/many_body.go:9.20,11.6 1 0
/home/user/doc/personal/cs_q_sim/internal/quantum_simulator/many_body.go:14.18,16.38 2 4
/home/user/doc/personal/cs_q_sim/internal/quantum_simulator/many_body.go:21.3,21.28 1 4
/home/user/doc/personal/cs_q_sim/internal/quantum_simulator/many_body.go:16.38,20.4 3 1
/home/user/doc/personal/cs_q_sim/internal/quantum_simulator/many_body.go:22.8,24.3 1 2
/home/user/doc/personal/cs_q_sim/internal/quantum_simulator/many_body.go:25.20,26.43 1 4
/home/user/doc/personal/cs_q_sim/internal/quantum_simulator/many_body.go:26.43,30.4 3 16
/home/user/doc/personal/cs_q_sim/internal/quantum_simulator/spin.go:9.34,10.26 1 55
/home/user/doc/personal/cs_q_sim/internal/quantum_simulator/spin.go:13.2,13.12 1 36
/home/user/doc/personal/cs_q_sim/internal/quantum_simulator/spin.go:10.26,12.3 1 19
/home/user/doc/personal/cs_q_sim/internal/quantum_simulator/spin.go:16.37,18.2 1 29
/home/user/doc/personal/cs_q_sim/internal/quantum_simulator/spin.go:20.43,22.2 1 13
/home/user/doc/personal/cs_q_sim/internal/quantum_simulator/spin.go:24.43,26.2 1 13
/home/user/doc/personal/cs_q_sim/internal/quantum_simulator/spin.go:28.34,31.27 3 28
/home/user/doc/personal/cs_q_sim/internal/quantum_simulator/spin.go:34.2,34.13 1 28
/home/user/doc/personal/cs_q_sim/internal/quantum_simulator/spin.go:31.27,33.3 1 8274
/home/user/doc/personal/cs_q_sim/internal/quantum_simulator/spin.go:37.34,41.38 4 2
/home/user/doc/personal/cs_q_sim/internal/quantum_simulator/spin.go:47.2,47.47 1 2
/home/user/doc/personal/cs_q_sim/internal/quantum_simulator/spin.go:41.38,42.39 1 5
/home/user/doc/personal/cs_q_sim/internal/quantum_simulator/spin.go:42.39,45.4 2 13
/home/user/doc/personal/cs_q_sim/internal/quantum_simulator/spin.go:50.34,54.38 4 2
/home/user/doc/personal/cs_q_sim/internal/quantum_simulator/spin.go:60.2,60.47 1 2
/home/user/doc/personal/cs_q_sim/internal/quantum_simulator/spin.go:54.38,55.39 1 5
/home/user/doc/personal/cs_q_sim/internal/quantum_simulator/spin.go:55.39,58.4 2 13
/home/user/doc/personal/cs_q_sim/internal/quantum_simulator/spin.go:63.34,67.38 4 6
/home/user/doc/personal/cs_q_sim/internal/quantum_simulator/spin.go:73.2,73.47 1 6
/home/user/doc/personal/cs_q_sim/internal/quantum_simulator/spin.go:67.38,68.39 1 13
/home/user/doc/personal/cs_q_sim/internal/quantum_simulator/spin.go:68.39,71.4 2 29
